nhulox97-Se creo el archivo de logs-2020-12-13 16:22
nhulox97-Se hizo el backup de la db: ads2_db_tienda, se envio a: wazunga.sv@gmail.com-2020-12-13 16:46
nhulox97-Se hizo el backup de la db: tienda, se envio a: wazunga.sv@gmail.com-2020-12-13 16:49
nhulox97-Se hizo el backup de la db: ads2_db_tienda, se envio a: wazunga.sv@gmail.com-2020-12-13 16:52
nhulox97-Se hizo el backup de la db: labads2, se envio a: wazunga.sv@gmail.com-2020-12-13 16:54
nhulox97-Se hizo el backup de la db: db, se envio a: email-2020-12-13 16:56
nhulox97-Se hizo el backup de la db: labads2, se envio a: email-2020-12-13 16:58
nhulox97-Se hizo el backup de la db: labads2, se envio a: wazunga.sv@gmail.com-2020-12-13 17:01
nhulox97-Se hizo el backup de la db: labads2, se envio a: wazunga.sv@gmail.com-2020-12-13 17:02
nhulox97-Se hizo el backup de la db: ads2_db_tienda, se envio a: wazunga.sv@gmail.com-2020-12-13 17:06
nhulox97-Se hizo el backup de la db: dump_db_prueba, se envio a: wazunga.sv@gmail.com-2020-12-13 17:09
nhulox97-Se hizo el backup de la db: labads2, se envio a: wazunga.sv@gmail.com-2020-12-13 17:12
nhulox97-Se hizo el backup de la db: labads2, se envio a: w-2020-12-13 17:13
nhulox97-Se hizo el backup de la db: labads2, se envio a: sdfsdf-2020-12-13 17:14
nhulox97-Se hizo el backup de la db: labads2, se envio a: asad-2020-12-13 17:15
nhulox97-Se hizo el backup de la db: labads2, se envio a: sasdsd-2020-12-13 17:16
nhulox97-Se hizo el backup de la db: labads2, se envio a: wazunga.sv@gmail.com-2020-12-13 17:17
nhulox97-Se solicito la funcion: storage-2020-12-13 20:52
nhulox97-Se solicito la funcion: storage-2020-12-13 20:53
nhulox97-Se solicito la funcion: storage-2020-12-13 22:21
nhulox97-Se envio el archivo log a: wazunga.sv@gmail.com-2020-12-13 22:30
nhulox97-Se detuvo el demonio-2020-12-13 22:39
nhulox97-Se envio el archivo log a: asas-2020-12-13 22:39
nhulox97-Se reinicio el demonio-2020-12-13 22:39
nhulox97-Se solicito la funcion: storage-2020-12-13 22:39
nhulox97-Se solicito la funcion: storage-2020-12-13 22:40
nhulox97-Se consulto con awk por nombres y apellidos-2020-12-14 16:28
nhulox97-Se consulto con awk por nombres y apellidos-2020-12-14 17:02
nhulox97-Se solicito la funcion: storage-2020-12-14 17:03
nhulox97-Se consulto con awk por nombres y apellidos-2020-12-14 17:04
nhulox97-Se consulto con awk por nombres y apellidos-2020-12-14 17:05
nhulox97-Se consulto con awk por nombres y apellidos-2020-12-14 17:06
nhulox97-Se solicito la funcion: storage-2020-12-14 17:06
nhulox97-Se consulto con awk por nombres y apellidos-2020-12-14 17:06
nhulox97-Se consulto con awk por nombres y apellidos-2020-12-14 17:06
nhulox97-Se consulto con awk por nombres y apellidos-2020-12-14 17:07
nhulox97-Se consulto con awk por nombres y apellidos-2020-12-14 17:08
nhulox97-Se consulto con awk por nombres y apellidos-2020-12-14 17:09
nhulox97-Se solicito la funcion: storage-2020-12-14 17:25
nhulox97-Se solicito la funcion: storage-2020-12-14 17:25
nhulox97-Se consulto con awk por nombres y apellidos-2020-12-14 22:02
nhulox97-Se consulto con awk por nombres y apellidos-2020-12-14 22:03
nhulox97-Se consulto la funcion: Vim-2020-12-14 22:03
nhulox97-Se consulto la funcion: Python-2020-12-14 22:04
nhulox97-Se consulto la funcion: Pupusa-2020-12-14 22:04
nhulox97-Se consulto con awk registros incompletos-2020-12-14 22:05
nhulox97-Se consulto con awk por registros ordenados por nombre-2020-12-14 22:12
nhulox97-Se consulto con awk por registros ordenados por nombre-2020-12-14 22:13
nhulox97-Se consulto con awk por registros ordenados por carrera-2020-12-14 22:16
nhulox97-Se consulto con awk el numero de estudiantes de ingenieria civil-2020-12-14 22:31
nhulox97-Se consulto con awk el numero de estudiantes de ingenieria civil-2020-12-14 22:33
nhulox97-Se consulto con awk registros con campos null-2020-12-14 22:38
nhulox97-Se consulto con awk registros incompletos-2020-12-14 22:43
nhulox97-Se consulto con awk registros incompletos-2020-12-14 22:44
nhulox97-Se consulto con awk registros con campos NULL-2020-12-14 22:45
nhulox97-Se solicito la funcion: updates-2020-12-14 22:53
nhulox97-Se detuvo el demonio-2020-12-15 15:28
nhulox97-Se detuvo el demonio-2020-12-15 15:29
nhulox97-Se detuvo el demonio-2020-12-15 15:29
nhulox97-Se detuvo el demonio-2020-12-15 15:29
nhulox97-Se reinicio el demonio-2020-12-15 15:29
nhulox97-Se detuvo el demonio-2020-12-15 15:29
nhulox97-Se consulto con awk por nombres y apellidos-2020-12-15 16:58
nhulox97-Se consulto con awk registros con campos NULL-2020-12-15 17:04
nhulox97-Se consulto con awk el numero de estudiantes de ingenieria civil-2020-12-15 17:04
nhulox97-Se consulto con awk por registros ordenados por nombre-2020-12-15 17:10
nhulox97-Se consulto con awk por registros ordenados por carrera-2020-12-15 17:10
nhulox97-Se consulto con awk por el nombre: -2020-12-15 17:12
nhulox97-Se consulto con awk por el nombre: Sergio-2020-12-15 17:12
nhulox97-Se consulto con awk por registros ordenados por nombre-2020/12/15 17:21
nhulox97-Se consulto con awk por el nombre: ZURI SIMEI-2020/12/15 17:21
nhulox97-Se consulto con awk por el nombre: SIMEI-2020/12/15 17:24
